# JRE version: OpenJDK Runtime Environment (8.0_181-b13) (build 1.8.0_181-8u181-b13-0ubuntu0.16.04.1-b13)
# Java VM: OpenJDK 64-Bit Server VM (25.181-b13 mixed mode linux-amd64 compressed oops)
Heap:
 PSYoungGen      total 23552K, used 14513K [0x00000000e6800000, 0x00000000e8200000, 0x0000000100000000)
  eden space 20480K, 55% used [0x00000000e6800000,0x00000000e7330dd0,0x00000000e7c00000)
  from space 3072K, 99% used [0x00000000e7f00000,0x00000000e81fb868,0x00000000e8200000)
  to   space 3072K, 0% used [0x00000000e7c00000,0x00000000e7c00000,0x00000000e7f00000)
 ParOldGen       total 53248K, used 3342K [0x00000000b3800000, 0x00000000b6c00000, 0x00000000e6800000)
  object space 53248K, 6% used [0x00000000b3800000,0x00000000b3b43a18,0x00000000b6c00000)
 Metaspace       used 12158K, capacity 12423K, committed 12544K, reserved 1060864K
  class space    used 1146K, capacity 1212K, committed 1280K, reserved 1048576K
GC Heap History (4 events):
Event: 2,976 GC heap before
{Heap before GC invocations=1 (full 0):
 PSYoungGen      total 23552K, used 20480K [0x00000000e6800000, 0x00000000e8200000, 0x0000000100000000)
  eden space 20480K, 100% used [0x00000000e6800000,0x00000000e7c00000,0x00000000e7c00000)
  from space 3072K, 0% used [0x00000000e7f00000,0x00000000e7f00000,0x00000000e8200000)
  to   space 3072K, 0% used [0x00000000e7c00000,0x00000000e7c00000,0x00000000e7f00000)
 ParOldGen       total 53248K, used 0K [0x00000000b3800000, 0x00000000b6c00000, 0x00000000e6800000)
  object space 53248K, 0% used [0x00000000b3800000,0x00000000b3800000,0x00000000b6c00000)
 Metaspace       used 9780K, capacity 9973K, committed 10112K, reserved 1058816K
  class space    used 952K, capacity 1031K, committed 1152K, reserved 1048576K
Event: 2,988 GC heap after
Heap after GC invocations=1 (full 0):
 PSYoungGen      total 23552K, used 3060K [0x00000000e6800000, 0x00000000e8200000, 0x0000000100000000)
  eden space 20480K, 0% used [0x00000000e6800000,0x00000000e6800000,0x00000000e7c00000)
  from space 3072K, 99% used [0x00000000e7c00000,0x00000000e7efd350,0x00000000e7f00000)
  to   space 3072K, 0% used [0x00000000e7f00000,0x00000000e7f00000,0x00000000e8200000)
 ParOldGen       total 53248K, used 1595K [0x00000000b3800000, 0x00000000b6c00000, 0x00000000e6800000)
  object space 53248K, 2% used [0x00000000b3800000,0x00000000b398ed08,0x00000000b6c00000)
 Metaspace       used 9780K, capacity 9973K, committed 10112K, reserved 1058816K
  class space    used 952K, capacity 1031K, committed 1152K, reserved 1048576K
}
Event: 32,914 GC heap before
{Heap before GC invocations=2 (full 0):
 PSYoungGen      total 23552K, used 23540K [0x00000000e6800000, 0x00000000e8200000, 0x0000000100000000)
  eden space 20480K, 100% used [0x00000000e6800000,0x00000000e7c00000,0x00000000e7c00000)
  from space 3072K, 99% used [0x00000000e7c00000,0x00000000e7efd350,0x00000000e7f00000)
  to   space 3072K, 0% used [0x00000000e7f00000,0x00000000e7f00000,0x00000000e8200000)
 ParOldGen       total 53248K, used 1595K [0x00000000b3800000, 0x00000000b6c00000, 0x00000000e6800000)
  object space 53248K, 2% used [0x00000000b3800000,0x00000000b398ed08,0x00000000b6c00000)
 Metaspace       used 11966K, capacity 12295K, committed 12544K, reserved 1060864K
  class space    used 1135K, capacity 1212K, committed 1280K, reserved 1048576K
Event: 32,924 GC heap after
Heap after GC invocations=2 (full 0):
 PSYoungGen      total 23552K, used 3054K [0x00000000e6800000, 0x00000000e8200000, 0x0000000100000000)
  eden space 20480K, 0% used [0x00000000e6800000,0x00000000e6800000,0x00000000e7c00000)
  from space 3072K, 99% used [0x00000000e7f00000,0x00000000e81fb868,0x00000000e8200000)
  to   space 3072K, 0% used [0x00000000e7c00000,0x00000000e7c00000,0x00000000e7f00000)
 ParOldGen       total 53248K, used 3342K [0x00000000b3800000, 0x00000000b6c00000, 0x00000000e6800000)
  object space 53248K, 6% used [0x00000000b3800000,0x00000000b3b43a18,0x00000000b6c00000)
 Metaspace       used 11966K, capacity 12295K, committed 12544K, reserved 1060864K
  class space    used 1135K, capacity 1212K, committed 1280K, reserved 1048576K
}

